# JRE version: OpenJDK Runtime Environment (19.0.1+10) (build 19.0.1+10-21)
# Java VM: OpenJDK 64-Bit Server VM (19.0.1+10-21, mixed mode, sharing, tiered, compressed oops, compressed class ptrs, g1 gc, windows-amd64)
GC Precious Log:
 CardTable entry size: 512
 Card Set container configuration: InlinePtr #cards 5 size 8 Array Of Cards #cards 12 size 40 Howl #buckets 4 coarsen threshold 1843 Howl Bitmap #cards 512 size 80 coarsen threshold 460 Card regions per heap region 1 cards per card region 2048
 CPUs: 4 total, 4 available
 Memory: 8136M
 Large Page Support: Disabled
 NUMA Support: Disabled
 Compressed Oops: Enabled (32-bit)
 Heap Region Size: 1M
 Heap Min Capacity: 8M
 Heap Initial Capacity: 128M
 Heap Max Capacity: 2036M
 Pre-touch: Disabled
 Parallel Workers: 4
 Concurrent Workers: 1
 Concurrent Refinement Workers: 4
 Periodic GC: Disabled
Heap:
 garbage-first heap   total 131072K, used 42627K [0x0000000080c00000, 0x0000000100000000)
  region size 1024K, 4 young (4096K), 4 survivors (4096K)
 Metaspace       used 30522K, committed 30848K, reserved 1114112K
  class space    used 3372K, committed 3520K, reserved 1048576K
GC Heap History (20 events):
Event: 2.161 GC heap after
{Heap after GC invocations=2 (full 0):
 garbage-first heap   total 131072K, used 4852K [0x0000000080c00000, 0x0000000100000000)
  region size 1024K, 1 young (1024K), 1 survivors (1024K)
 Metaspace       used 6387K, committed 6528K, reserved 1114112K
  class space    used 707K, committed 768K, reserved 1048576K
}
Event: 3.557 GC heap before
{Heap before GC invocations=2 (full 0):
 garbage-first heap   total 131072K, used 35572K [0x0000000080c00000, 0x0000000100000000)
  region size 1024K, 31 young (31744K), 1 survivors (1024K)
 Metaspace       used 11114K, committed 11328K, reserved 1114112K
  class space    used 1281K, committed 1408K, reserved 1048576K
}
Event: 3.563 GC heap after
{Heap after GC invocations=3 (full 0):
 garbage-first heap   total 131072K, used 6523K [0x0000000080c00000, 0x0000000100000000)
  region size 1024K, 3 young (3072K), 3 survivors (3072K)
 Metaspace       used 11114K, committed 11328K, reserved 1114112K
  class space    used 1281K, committed 1408K, reserved 1048576K
}
Event: 6.477 GC heap before
{Heap before GC invocations=3 (full 0):
 garbage-first heap   total 131072K, used 81275K [0x0000000080c00000, 0x0000000100000000)
  region size 1024K, 76 young (77824K), 3 survivors (3072K)
 Metaspace       used 16668K, committed 16960K, reserved 1114112K
  class space    used 1845K, committed 1984K, reserved 1048576K
}
Event: 6.500 GC heap after
{Heap after GC invocations=4 (full 0):
 garbage-first heap   total 131072K, used 13825K [0x0000000080c00000, 0x0000000100000000)
  region size 1024K, 10 young (10240K), 10 survivors (10240K)
 Metaspace       used 16668K, committed 16960K, reserved 1114112K
  class space    used 1845K, committed 1984K, reserved 1048576K
}
Event: 7.814 GC heap before
{Heap before GC invocations=4 (full 0):
 garbage-first heap   total 131072K, used 61953K [0x0000000080c00000, 0x0000000100000000)
  region size 1024K, 54 young (55296K), 10 survivors (10240K)
 Metaspace       used 21216K, committed 21504K, reserved 1114112K
  class space    used 2362K, committed 2496K, reserved 1048576K
}
Event: 7.840 GC heap after
{Heap after GC invocations=5 (full 0):
 garbage-first heap   total 131072K, used 23297K [0x0000000080c00000, 0x0000000100000000)
  region size 1024K, 6 young (6144K), 6 survivors (6144K)
 Metaspace       used 21216K, committed 21504K, reserved 1114112K
  class space    used 2362K, committed 2496K, reserved 1048576K
}
Event: 9.280 GC heap before
{Heap before GC invocations=6 (full 0):
 garbage-first heap   total 81920K, used 65281K [0x0000000080c00000, 0x0000000100000000)
  region size 1024K, 48 young (49152K), 6 survivors (6144K)
 Metaspace       used 27791K, committed 28160K, reserved 1114112K
  class space    used 3086K, committed 3264K, reserved 1048576K
}
Event: 9.310 GC heap after
{Heap after GC invocations=7 (full 0):
 garbage-first heap   total 81920K, used 29962K [0x0000000080c00000, 0x0000000100000000)
  region size 1024K, 6 young (6144K), 6 survivors (6144K)
 Metaspace       used 27791K, committed 28160K, reserved 1114112K
  class space    used 3086K, committed 3264K, reserved 1048576K
}
Event: 9.325 GC heap before
{Heap before GC invocations=7 (full 0):
 garbage-first heap   total 81920K, used 30986K [0x0000000080c00000, 0x0000000100000000)
  region size 1024K, 7 young (7168K), 6 survivors (6144K)
 Metaspace       used 27827K, committed 28160K, reserved 1114112K
  class space    used 3092K, committed 3264K, reserved 1048576K
}
Event: 9.336 GC heap after
{Heap after GC invocations=8 (full 0):
 garbage-first heap   total 81920K, used 31744K [0x0000000080c00000, 0x0000000100000000)
  region size 1024K, 1 young (1024K), 1 survivors (1024K)
 Metaspace       used 27827K, committed 28160K, reserved 1114112K
  class space    used 3092K, committed 3264K, reserved 1048576K
}
Event: 9.656 GC heap before
{Heap before GC invocations=8 (full 0):
 garbage-first heap   total 81920K, used 39936K [0x0000000080c00000, 0x0000000100000000)
  region size 1024K, 11 young (11264K), 1 survivors (1024K)
 Metaspace       used 28973K, committed 29376K, reserved 1114112K
  class space    used 3214K, committed 3392K, reserved 1048576K
}
Event: 9.659 GC heap after
{Heap after GC invocations=9 (full 0):
 garbage-first heap   total 81920K, used 31145K [0x0000000080c00000, 0x0000000100000000)
  region size 1024K, 1 young (1024K), 1 survivors (1024K)
 Metaspace       used 28973K, committed 29376K, reserved 1114112K
  class space    used 3214K, committed 3392K, reserved 1048576K
}
Event: 9.660 GC heap before
{Heap before GC invocations=9 (full 0):
 garbage-first heap   total 81920K, used 39337K [0x0000000080c00000, 0x0000000100000000)
  region size 1024K, 2 young (2048K), 1 survivors (1024K)
 Metaspace       used 28973K, committed 29376K, reserved 1114112K
  class space    used 3214K, committed 3392K, reserved 1048576K
}
Event: 9.663 GC heap after
{Heap after GC invocations=10 (full 0):
 garbage-first heap   total 81920K, used 39370K [0x0000000080c00000, 0x0000000100000000)
  region size 1024K, 1 young (1024K), 1 survivors (1024K)
 Metaspace       used 28973K, committed 29376K, reserved 1114112K
  class space    used 3214K, committed 3392K, reserved 1048576K
}
Event: 10.082 GC heap before
{Heap before GC invocations=11 (full 0):
 garbage-first heap   total 111616K, used 90570K [0x0000000080c00000, 0x0000000100000000)
  region size 1024K, 25 young (25600K), 1 survivors (1024K)
 Metaspace       used 29092K, committed 29504K, reserved 1114112K
  class space    used 3216K, committed 3392K, reserved 1048576K
}
Event: 10.098 GC heap after
{Heap after GC invocations=12 (full 0):
 garbage-first heap   total 111616K, used 42625K [0x0000000080c00000, 0x0000000100000000)
  region size 1024K, 4 young (4096K), 4 survivors (4096K)
 Metaspace       used 29092K, committed 29504K, reserved 1114112K
  class space    used 3216K, committed 3392K, reserved 1048576K
}
Event: 10.105 GC heap before
{Heap before GC invocations=12 (full 0):
 garbage-first heap   total 111616K, used 43649K [0x0000000080c00000, 0x0000000100000000)
  region size 1024K, 5 young (5120K), 4 survivors (4096K)
 Metaspace       used 29092K, committed 29504K, reserved 1114112K
  class space    used 3216K, committed 3392K, reserved 1048576K
}
Event: 10.112 GC heap after
{Heap after GC invocations=13 (full 0):
 garbage-first heap   total 111616K, used 39664K [0x0000000080c00000, 0x0000000100000000)
  region size 1024K, 1 young (1024K), 1 survivors (1024K)
 Metaspace       used 29092K, committed 29504K, reserved 1114112K
  class space    used 3216K, committed 3392K, reserved 1048576K
}
Event: 10.954 GC heap before
{Heap before GC invocations=13 (full 0):
 garbage-first heap   total 111616K, used 78576K [0x0000000080c00000, 0x0000000100000000)
  region size 1024K, 40 young (40960K), 1 survivors (1024K)
 Metaspace       used 30522K, committed 30848K, reserved 1114112K
  class space    used 3372K, committed 3520K, reserved 1048576K
}

