# JRE version: OpenJDK Runtime Environment (19.0.1+10) (build 19.0.1+10-21)
# Java VM: OpenJDK 64-Bit Server VM (19.0.1+10-21, mixed mode, sharing, tiered, compressed oops, compressed class ptrs, g1 gc, windows-amd64)
GC Precious Log:
 CardTable entry size: 512
 Card Set container configuration: InlinePtr #cards 5 size 8 Array Of Cards #cards 12 size 40 Howl #buckets 4 coarsen threshold 1843 Howl Bitmap #cards 512 size 80 coarsen threshold 460 Card regions per heap region 1 cards per card region 2048
 CPUs: 4 total, 4 available
 Memory: 8136M
 Large Page Support: Disabled
 NUMA Support: Disabled
 Compressed Oops: Enabled (32-bit)
 Heap Region Size: 1M
 Heap Min Capacity: 8M
 Heap Initial Capacity: 128M
 Heap Max Capacity: 2036M
 Pre-touch: Disabled
 Parallel Workers: 4
 Concurrent Workers: 1
 Concurrent Refinement Workers: 4
 Periodic GC: Disabled
Heap:
 garbage-first heap   total 315392K, used 58149K [0x0000000080c00000, 0x0000000100000000)
  region size 1024K, 16 young (16384K), 2 survivors (2048K)
 Metaspace       used 33360K, committed 33792K, reserved 1114112K
  class space    used 3673K, committed 3904K, reserved 1048576K
GC Heap History (20 events):
Event: 5.527 GC heap before
{Heap before GC invocations=4 (full 0):
 garbage-first heap   total 131072K, used 23419K [0x0000000080c00000, 0x0000000100000000)
  region size 1024K, 9 young (9216K), 4 survivors (4096K)
 Metaspace       used 21204K, committed 21504K, reserved 1114112K
  class space    used 2373K, committed 2560K, reserved 1048576K
}
Event: 5.538 GC heap after
{Heap after GC invocations=5 (full 0):
 garbage-first heap   total 131072K, used 20642K [0x0000000080c00000, 0x0000000100000000)
  region size 1024K, 8 young (8192K), 8 survivors (8192K)
 Metaspace       used 21204K, committed 21504K, reserved 1114112K
  class space    used 2373K, committed 2560K, reserved 1048576K
}
Event: 6.697 GC heap before
{Heap before GC invocations=6 (full 0):
 garbage-first heap   total 75776K, used 56482K [0x0000000080c00000, 0x0000000100000000)
  region size 1024K, 44 young (45056K), 8 survivors (8192K)
 Metaspace       used 27362K, committed 27712K, reserved 1114112K
  class space    used 3054K, committed 3200K, reserved 1048576K
}
Event: 6.727 GC heap after
{Heap after GC invocations=7 (full 0):
 garbage-first heap   total 75776K, used 28827K [0x0000000080c00000, 0x0000000100000000)
  region size 1024K, 6 young (6144K), 6 survivors (6144K)
 Metaspace       used 27362K, committed 27712K, reserved 1114112K
  class space    used 3054K, committed 3200K, reserved 1048576K
}
Event: 6.872 GC heap before
{Heap before GC invocations=7 (full 0):
 garbage-first heap   total 75776K, used 29851K [0x0000000080c00000, 0x0000000100000000)
  region size 1024K, 7 young (7168K), 6 survivors (6144K)
 Metaspace       used 27418K, committed 27776K, reserved 1114112K
  class space    used 3059K, committed 3200K, reserved 1048576K
}
Event: 6.884 GC heap after
{Heap after GC invocations=8 (full 0):
 garbage-first heap   total 75776K, used 30208K [0x0000000080c00000, 0x0000000100000000)
  region size 1024K, 1 young (1024K), 1 survivors (1024K)
 Metaspace       used 27418K, committed 27776K, reserved 1114112K
  class space    used 3059K, committed 3200K, reserved 1048576K
}
Event: 7.262 GC heap before
{Heap before GC invocations=8 (full 0):
 garbage-first heap   total 75776K, used 42496K [0x0000000080c00000, 0x0000000100000000)
  region size 1024K, 15 young (15360K), 1 survivors (1024K)
 Metaspace       used 28857K, committed 29248K, reserved 1114112K
  class space    used 3211K, committed 3392K, reserved 1048576K
}
Event: 7.266 GC heap after
{Heap after GC invocations=9 (full 0):
 garbage-first heap   total 98304K, used 29776K [0x0000000080c00000, 0x0000000100000000)
  region size 1024K, 1 young (1024K), 1 survivors (1024K)
 Metaspace       used 28857K, committed 29248K, reserved 1114112K
  class space    used 3211K, committed 3392K, reserved 1048576K
}
Event: 7.267 GC heap before
{Heap before GC invocations=9 (full 0):
 garbage-first heap   total 98304K, used 37968K [0x0000000080c00000, 0x0000000100000000)
  region size 1024K, 2 young (2048K), 1 survivors (1024K)
 Metaspace       used 28857K, committed 29248K, reserved 1114112K
  class space    used 3211K, committed 3392K, reserved 1048576K
}
Event: 7.270 GC heap after
{Heap after GC invocations=10 (full 0):
 garbage-first heap   total 98304K, used 37865K [0x0000000080c00000, 0x0000000100000000)
  region size 1024K, 1 young (1024K), 1 survivors (1024K)
 Metaspace       used 28857K, committed 29248K, reserved 1114112K
  class space    used 3211K, committed 3392K, reserved 1048576K
}
Event: 7.272 GC heap before
{Heap before GC invocations=10 (full 0):
 garbage-first heap   total 98304K, used 50153K [0x0000000080c00000, 0x0000000100000000)
  region size 1024K, 2 young (2048K), 1 survivors (1024K)
 Metaspace       used 28857K, committed 29248K, reserved 1114112K
  class space    used 3211K, committed 3392K, reserved 1048576K
}
Event: 7.275 GC heap after
{Heap after GC invocations=11 (full 0):
 garbage-first heap   total 98304K, used 50130K [0x0000000080c00000, 0x0000000100000000)
  region size 1024K, 1 young (1024K), 1 survivors (1024K)
 Metaspace       used 28857K, committed 29248K, reserved 1114112K
  class space    used 3211K, committed 3392K, reserved 1048576K
}
Event: 7.677 GC heap before
{Heap before GC invocations=12 (full 0):
 garbage-first heap   total 109568K, used 89042K [0x0000000080c00000, 0x0000000100000000)
  region size 1024K, 25 young (25600K), 1 survivors (1024K)
 Metaspace       used 28953K, committed 29312K, reserved 1114112K
  class space    used 3214K, committed 3392K, reserved 1048576K
}
Event: 7.693 GC heap after
{Heap after GC invocations=13 (full 0):
 garbage-first heap   total 109568K, used 41495K [0x0000000080c00000, 0x0000000100000000)
  region size 1024K, 4 young (4096K), 4 survivors (4096K)
 Metaspace       used 28953K, committed 29312K, reserved 1114112K
  class space    used 3214K, committed 3392K, reserved 1048576K
}
Event: 7.704 GC heap before
{Heap before GC invocations=13 (full 0):
 garbage-first heap   total 109568K, used 42519K [0x0000000080c00000, 0x0000000100000000)
  region size 1024K, 5 young (5120K), 4 survivors (4096K)
 Metaspace       used 28953K, committed 29312K, reserved 1114112K
  class space    used 3214K, committed 3392K, reserved 1048576K
}
Event: 7.710 GC heap after
{Heap after GC invocations=14 (full 0):
 garbage-first heap   total 109568K, used 40397K [0x0000000080c00000, 0x0000000100000000)
  region size 1024K, 1 young (1024K), 1 survivors (1024K)
 Metaspace       used 28953K, committed 29312K, reserved 1114112K
  class space    used 3214K, committed 3392K, reserved 1048576K
}
Event: 8.391 GC heap before
{Heap before GC invocations=14 (full 0):
 garbage-first heap   total 109568K, used 74189K [0x0000000080c00000, 0x0000000100000000)
  region size 1024K, 35 young (35840K), 1 survivors (1024K)
 Metaspace       used 30134K, committed 30528K, reserved 1114112K
  class space    used 3343K, committed 3520K, reserved 1048576K
}
Event: 8.398 GC heap after
{Heap after GC invocations=15 (full 0):
 garbage-first heap   total 109568K, used 44251K [0x0000000080c00000, 0x0000000100000000)
  region size 1024K, 5 young (5120K), 5 survivors (5120K)
 Metaspace       used 30134K, committed 30528K, reserved 1114112K
  class space    used 3343K, committed 3520K, reserved 1048576K
}
Event: 9.092 GC heap before
{Heap before GC invocations=15 (full 0):
 garbage-first heap   total 109568K, used 78043K [0x0000000080c00000, 0x0000000100000000)
  region size 1024K, 38 young (38912K), 5 survivors (5120K)
 Metaspace       used 31807K, committed 32256K, reserved 1114112K
  class space    used 3488K, committed 3712K, reserved 1048576K
}
Event: 9.102 GC heap after
{Heap after GC invocations=16 (full 0):
 garbage-first heap   total 315392K, used 44837K [0x0000000080c00000, 0x0000000100000000)
  region size 1024K, 2 young (2048K), 2 survivors (2048K)
 Metaspace       used 31807K, committed 32256K, reserved 1114112K
  class space    used 3488K, committed 3712K, reserved 1048576K
}

