# JRE version: OpenJDK Runtime Environment (19.0.1+10) (build 19.0.1+10-21)
# Java VM: OpenJDK 64-Bit Server VM (19.0.1+10-21, mixed mode, sharing, tiered, compressed oops, compressed class ptrs, g1 gc, windows-amd64)
GC Precious Log:
 CardTable entry size: 512
 Card Set container configuration: InlinePtr #cards 5 size 8 Array Of Cards #cards 12 size 40 Howl #buckets 4 coarsen threshold 1843 Howl Bitmap #cards 512 size 80 coarsen threshold 460 Card regions per heap region 1 cards per card region 2048
 CPUs: 4 total, 4 available
 Memory: 8136M
 Large Page Support: Disabled
 NUMA Support: Disabled
 Compressed Oops: Enabled (32-bit)
 Heap Region Size: 1M
 Heap Min Capacity: 8M
 Heap Initial Capacity: 128M
 Heap Max Capacity: 2036M
 Pre-touch: Disabled
 Parallel Workers: 4
 Concurrent Workers: 1
 Concurrent Refinement Workers: 4
 Periodic GC: Disabled
Heap:
 garbage-first heap   total 175104K, used 73123K [0x0000000080c00000, 0x0000000100000000)
  region size 1024K, 40 young (40960K), 5 survivors (5120K)
 Metaspace       used 33477K, committed 33920K, reserved 1114112K
  class space    used 3674K, committed 3904K, reserved 1048576K
GC Heap History (18 events):
Event: 0.824 GC heap before
{Heap before GC invocations=0 (full 0):
 garbage-first heap   total 131072K, used 13312K [0x0000000080c00000, 0x0000000100000000)
  region size 1024K, 13 young (13312K), 0 survivors (0K)
 Metaspace       used 3975K, committed 4160K, reserved 1114112K
  class space    used 387K, committed 448K, reserved 1048576K
}
Event: 0.830 GC heap after
{Heap after GC invocations=1 (full 0):
 garbage-first heap   total 131072K, used 3328K [0x0000000080c00000, 0x0000000100000000)
  region size 1024K, 2 young (2048K), 2 survivors (2048K)
 Metaspace       used 3975K, committed 4160K, reserved 1114112K
  class space    used 387K, committed 448K, reserved 1048576K
}
Event: 1.248 GC heap before
{Heap before GC invocations=1 (full 0):
 garbage-first heap   total 131072K, used 17664K [0x0000000080c00000, 0x0000000100000000)
  region size 1024K, 16 young (16384K), 2 survivors (2048K)
 Metaspace       used 6397K, committed 6528K, reserved 1114112K
  class space    used 712K, committed 768K, reserved 1048576K
}
Event: 1.254 GC heap after
{Heap after GC invocations=2 (full 0):
 garbage-first heap   total 131072K, used 4791K [0x0000000080c00000, 0x0000000100000000)
  region size 1024K, 2 young (2048K), 2 survivors (2048K)
 Metaspace       used 6397K, committed 6528K, reserved 1114112K
  class space    used 712K, committed 768K, reserved 1048576K
}
Event: 4.723 GC heap before
{Heap before GC invocations=2 (full 0):
 garbage-first heap   total 131072K, used 80567K [0x0000000080c00000, 0x0000000100000000)
  region size 1024K, 76 young (77824K), 2 survivors (2048K)
 Metaspace       used 16230K, committed 16512K, reserved 1114112K
  class space    used 1828K, committed 1984K, reserved 1048576K
}
Event: 4.745 GC heap after
{Heap after GC invocations=3 (full 0):
 garbage-first heap   total 131072K, used 11493K [0x0000000080c00000, 0x0000000100000000)
  region size 1024K, 8 young (8192K), 8 survivors (8192K)
 Metaspace       used 16230K, committed 16512K, reserved 1114112K
  class space    used 1828K, committed 1984K, reserved 1048576K
}
Event: 6.271 GC heap before
{Heap before GC invocations=3 (full 0):
 garbage-first heap   total 131072K, used 83173K [0x0000000080c00000, 0x0000000100000000)
  region size 1024K, 76 young (77824K), 8 survivors (8192K)
 Metaspace       used 20444K, committed 20800K, reserved 1114112K
  class space    used 2251K, committed 2432K, reserved 1048576K
}
Event: 6.296 GC heap after
{Heap after GC invocations=4 (full 0):
 garbage-first heap   total 131072K, used 20456K [0x0000000080c00000, 0x0000000100000000)
  region size 1024K, 7 young (7168K), 7 survivors (7168K)
 Metaspace       used 20444K, committed 20800K, reserved 1114112K
  class space    used 2251K, committed 2432K, reserved 1048576K
}
Event: 6.411 GC heap before
{Heap before GC invocations=4 (full 0):
 garbage-first heap   total 131072K, used 27624K [0x0000000080c00000, 0x0000000100000000)
  region size 1024K, 13 young (13312K), 7 survivors (7168K)
 Metaspace       used 21182K, committed 21504K, reserved 1114112K
  class space    used 2362K, committed 2496K, reserved 1048576K
}
Event: 6.422 GC heap after
{Heap after GC invocations=5 (full 0):
 garbage-first heap   total 131072K, used 23428K [0x0000000080c00000, 0x0000000100000000)
  region size 1024K, 4 young (4096K), 4 survivors (4096K)
 Metaspace       used 21182K, committed 21504K, reserved 1114112K
  class space    used 2362K, committed 2496K, reserved 1048576K
}
Event: 7.840 GC heap before
{Heap before GC invocations=6 (full 0):
 garbage-first heap   total 81920K, used 67460K [0x0000000080c00000, 0x0000000100000000)
  region size 1024K, 48 young (49152K), 4 survivors (4096K)
 Metaspace       used 27896K, committed 28288K, reserved 1114112K
  class space    used 3104K, committed 3264K, reserved 1048576K
}
Event: 7.862 GC heap after
{Heap after GC invocations=7 (full 0):
 garbage-first heap   total 81920K, used 31744K [0x0000000080c00000, 0x0000000100000000)
  region size 1024K, 6 young (6144K), 6 survivors (6144K)
 Metaspace       used 27896K, committed 28288K, reserved 1114112K
  class space    used 3104K, committed 3264K, reserved 1048576K
}
Event: 7.877 GC heap before
{Heap before GC invocations=7 (full 0):
 garbage-first heap   total 81920K, used 32768K [0x0000000080c00000, 0x0000000100000000)
  region size 1024K, 7 young (7168K), 6 survivors (6144K)
 Metaspace       used 27952K, committed 28288K, reserved 1114112K
  class space    used 3111K, committed 3264K, reserved 1048576K
}
Event: 7.894 GC heap after
{Heap after GC invocations=8 (full 0):
 garbage-first heap   total 81920K, used 32725K [0x0000000080c00000, 0x0000000100000000)
  region size 1024K, 1 young (1024K), 1 survivors (1024K)
 Metaspace       used 27952K, committed 28288K, reserved 1114112K
  class space    used 3111K, committed 3264K, reserved 1048576K
}
Event: 8.158 GC heap before
{Heap before GC invocations=8 (full 0):
 garbage-first heap   total 81920K, used 37845K [0x0000000080c00000, 0x0000000100000000)
  region size 1024K, 8 young (8192K), 1 survivors (1024K)
 Metaspace       used 28924K, committed 29312K, reserved 1114112K
  class space    used 3215K, committed 3392K, reserved 1048576K
}
Event: 8.161 GC heap after
{Heap after GC invocations=9 (full 0):
 garbage-first heap   total 175104K, used 32119K [0x0000000080c00000, 0x0000000100000000)
  region size 1024K, 1 young (1024K), 1 survivors (1024K)
 Metaspace       used 28924K, committed 29312K, reserved 1114112K
  class space    used 3215K, committed 3392K, reserved 1048576K
}
Event: 9.699 GC heap before
{Heap before GC invocations=9 (full 0):
 garbage-first heap   total 175104K, used 137591K [0x0000000080c00000, 0x0000000100000000)
  region size 1024K, 71 young (72704K), 1 survivors (1024K)
 Metaspace       used 30520K, committed 30848K, reserved 1114112K
  class space    used 3373K, committed 3520K, reserved 1048576K
}
Event: 9.707 GC heap after
{Heap after GC invocations=10 (full 0):
 garbage-first heap   total 175104K, used 38307K [0x0000000080c00000, 0x0000000100000000)
  region size 1024K, 5 young (5120K), 5 survivors (5120K)
 Metaspace       used 30520K, committed 30848K, reserved 1114112K
  class space    used 3373K, committed 3520K, reserved 1048576K
}

